[INFO ] 2019-12-13 19:00:46.909 [main] BookService - incep populare
[INFO ] 2019-12-13 19:00:46.919 [main] BookService - in operatiune de populare
[INFO ] 2019-12-13 19:00:46.921 [main] BookService - gasit atlas
[INFO ] 2019-12-13 19:00:46.922 [main] BookService - gasit magazine
[INFO ] 2019-12-13 19:00:46.922 [main] BookService - gasit atlas
[INFO ] 2019-12-13 19:00:46.922 [main] BookService - gasit magazine
[INFO ] 2019-12-13 19:00:46.922 [main] BookService - termin populare
[INFO ] 2019-12-13 19:00:46.941 [main] BookService - incep populare
[INFO ] 2019-12-13 19:00:46.941 [main] BookService - in operatiune de populare
[INFO ] 2019-12-13 19:00:46.941 [main] BookService - gasit atlas
[INFO ] 2019-12-13 19:00:46.941 [main] BookService - gasit magazine
[INFO ] 2019-12-13 19:00:46.945 [main] BookService - gasit atlas
[INFO ] 2019-12-13 19:00:46.946 [main] BookService - gasit magazine
[INFO ] 2019-12-13 19:00:46.946 [main] BookService - termin populare
[INFO ] 2019-12-13 19:00:46.948 [main] BookService - incep populare
[INFO ] 2019-12-13 19:00:46.948 [main] BookService - in operatiune de populare
[INFO ] 2019-12-13 19:00:46.954 [main] BookService - gasit atlas
[INFO ] 2019-12-13 19:00:46.954 [main] BookService - gasit magazine
[INFO ] 2019-12-13 19:00:46.954 [main] BookService - gasit atlas
[INFO ] 2019-12-13 19:00:46.955 [main] BookService - gasit magazine
[INFO ] 2019-12-13 19:00:46.955 [main] BookService - termin populare
[INFO ] 2019-12-13 19:00:46.959 [main] BookService - incep populare
[INFO ] 2019-12-13 19:00:46.959 [main] BookService - in operatiune de populare
[INFO ] 2019-12-13 19:00:46.960 [main] BookService - gasit atlas
[INFO ] 2019-12-13 19:00:46.960 [main] BookService - gasit magazine
[INFO ] 2019-12-13 19:00:46.960 [main] BookService - gasit atlas
[INFO ] 2019-12-13 19:00:46.960 [main] BookService - gasit magazine
[INFO ] 2019-12-13 19:00:46.960 [main] BookService - termin populare
[INFO ] 2019-12-13 19:00:46.963 [main] BookService - incep populare
[INFO ] 2019-12-13 19:00:46.963 [main] BookService - in operatiune de populare
[INFO ] 2019-12-13 19:00:46.966 [main] BookService - gasit atlas
[INFO ] 2019-12-13 19:00:46.966 [main] BookService - gasit magazine
[INFO ] 2019-12-13 19:00:46.967 [main] BookService - gasit atlas
[INFO ] 2019-12-13 19:00:46.967 [main] BookService - gasit magazine
[INFO ] 2019-12-13 19:00:46.967 [main] BookService - termin populare
